<?xml version="1.0" encoding="UTF-8"?>
<!-- Generated by org.testng.reporters.JUnitReportReporter -->
<testsuite hostname="Parags-MacBook-Pro.local" failures="0" tests="1" name="test.java.MyTest" time="0.014" errors="0" timestamp="2020-06-08T16:39:34 IST" skipped="0">
  <testcase classname="test.java.MyTest" name="test1" time="0.014"/>
  <system-out/>
</testsuite> <!-- test.java.MyTest -->
